<?xml version="1.0" encoding="UTF-8"?>
<testsuite xmlns:xsi="http://www.w3.org/2001/XMLSchema-instance" xsi:noNamespaceSchemaLocation="https://maven.apache.org/surefire/maven-failsafe-plugin/xsd/failsafe-test-report.xsd" name="apiTest_scenario002_run001_IT" time="53.276" tests="4" errors="0" skipped="0" failures="0">
  <properties>
[...]
</properties>
  <testcase name="Given a user exist in the api with id 2" classname="Scenario: reqire api test user2" time="0.039"/>
  <testcase name="Then the status code is 200" classname="Scenario: reqire api test user2" time="0"/>
  <testcase name="And response includes the following" classname="Scenario: reqire api test user2" time="0"/>
  <testcase name="Scenario: reqire api test user2" classname="Scenario: reqire api test user2" time="0"/>
</testsuite>